# JRE version: OpenJDK Runtime Environment Temurin-21.0.10+7 (21.0.10+7) (build 21.0.10+7-LTS)
# Java VM: OpenJDK 64-Bit Server VM Temurin-21.0.10+7 (21.0.10+7-LTS, mixed mode, sharing, tiered, compressed oops, compressed class ptrs, parallel gc, linux-amd64)
GC Precious Log:
 CardTable entry size: 512
 CPUs: 16 total, 16 available
 Memory: 15386M
 Large Page Support: Disabled
 NUMA Support: Disabled
 Compressed Oops: Enabled (32-bit)
 Alignments: Space 512K, Generation 512K, Heap 2M
 Heap Min Capacity: 100M
 Heap Initial Capacity: 100M
 Heap Max Capacity: 2G
 Pre-touch: Disabled
 Parallel Workers: 13
Heap:
 PSYoungGen      total 21504K, used 19102K [0x00000000d5580000, 0x00000000d6f80000, 0x0000000100000000)
  eden space 19968K, 88% used [0x00000000d5580000,0x00000000d66d7830,0x00000000d6900000)
  from space 1536K, 87% used [0x00000000d6e00000,0x00000000d6f50000,0x00000000d6f80000)
  to   space 1536K, 0% used [0x00000000d6c80000,0x00000000d6c80000,0x00000000d6e00000)
 ParOldGen       total 68608K, used 19195K [0x0000000080000000, 0x0000000084300000, 0x00000000d5580000)
  object space 68608K, 27% used [0x0000000080000000,0x00000000812beee0,0x0000000084300000)
 Metaspace       used 39182K, committed 40128K, reserved 1114112K
  class space    used 4120K, committed 4480K, reserved 1048576K
GC Heap History (20 events):
Event: 3,976 GC heap before
{Heap before GC invocations=7 (full 0):
 PSYoungGen      total 30720K, used 30437K [0x00000000d5580000, 0x00000000d7a00000, 0x0000000100000000)
  eden space 24576K, 100% used [0x00000000d5580000,0x00000000d6d80000,0x00000000d6d80000)
  from space 6144K, 95% used [0x00000000d7400000,0x00000000d79b9410,0x00000000d7a00000)
  to   space 6144K, 0% used [0x00000000d6e00000,0x00000000d6e00000,0x00000000d7400000)
 ParOldGen       total 68608K, used 8352K [0x0000000080000000, 0x0000000084300000, 0x00000000d5580000)
  object space 68608K, 12% used [0x0000000080000000,0x00000000808282a8,0x0000000084300000)
 Metaspace       used 20759K, committed 21440K, reserved 1114112K
  class space    used 2129K, committed 2432K, reserved 1048576K
}
Event: 3,980 GC heap after
{Heap after GC invocations=7 (full 0):
 PSYoungGen      total 30208K, used 5697K [0x00000000d5580000, 0x00000000d7900000, 0x0000000100000000)
  eden space 24064K, 0% used [0x00000000d5580000,0x00000000d5580000,0x00000000d6d00000)
  from space 6144K, 92% used [0x00000000d6e00000,0x00000000d7390600,0x00000000d7400000)
  to   space 5120K, 0% used [0x00000000d7400000,0x00000000d7400000,0x00000000d7900000)
 ParOldGen       total 68608K, used 9791K [0x0000000080000000, 0x0000000084300000, 0x00000000d5580000)
  object space 68608K, 14% used [0x0000000080000000,0x000000008098fc48,0x0000000084300000)
 Metaspace       used 20759K, committed 21440K, reserved 1114112K
  class space    used 2129K, committed 2432K, reserved 1048576K
}
Event: 3,989 GC heap before
{Heap before GC invocations=8 (full 0):
 PSYoungGen      total 30208K, used 11755K [0x00000000d5580000, 0x00000000d7900000, 0x0000000100000000)
  eden space 24064K, 25% used [0x00000000d5580000,0x00000000d5b6a848,0x00000000d6d00000)
  from space 6144K, 92% used [0x00000000d6e00000,0x00000000d7390600,0x00000000d7400000)
  to   space 5120K, 0% used [0x00000000d7400000,0x00000000d7400000,0x00000000d7900000)
 ParOldGen       total 68608K, used 9791K [0x0000000080000000, 0x0000000084300000, 0x00000000d5580000)
  object space 68608K, 14% used [0x0000000080000000,0x000000008098fc48,0x0000000084300000)
 Metaspace       used 20769K, committed 21504K, reserved 1114112K
  class space    used 2129K, committed 2432K, reserved 1048576K
}
Event: 3,991 GC heap after
{Heap after GC invocations=8 (full 0):
 PSYoungGen      total 29184K, used 5116K [0x00000000d5580000, 0x00000000d7a00000, 0x0000000100000000)
  eden space 24064K, 0% used [0x00000000d5580000,0x00000000d5580000,0x00000000d6d00000)
  from space 5120K, 99% used [0x00000000d7400000,0x00000000d78ff1a0,0x00000000d7900000)
  to   space 6656K, 0% used [0x00000000d6d00000,0x00000000d6d00000,0x00000000d7380000)
 ParOldGen       total 68608K, used 11161K [0x0000000080000000, 0x0000000084300000, 0x00000000d5580000)
  object space 68608K, 16% used [0x0000000080000000,0x0000000080ae6410,0x0000000084300000)
 Metaspace       used 20769K, committed 21504K, reserved 1114112K
  class space    used 2129K, committed 2432K, reserved 1048576K
}
Event: 3,991 GC heap before
{Heap before GC invocations=9 (full 1):
 PSYoungGen      total 29184K, used 5116K [0x00000000d5580000, 0x00000000d7a00000, 0x0000000100000000)
  eden space 24064K, 0% used [0x00000000d5580000,0x00000000d5580000,0x00000000d6d00000)
  from space 5120K, 99% used [0x00000000d7400000,0x00000000d78ff1a0,0x00000000d7900000)
  to   space 6656K, 0% used [0x00000000d6d00000,0x00000000d6d00000,0x00000000d7380000)
 ParOldGen       total 68608K, used 11161K [0x0000000080000000, 0x0000000084300000, 0x00000000d5580000)
  object space 68608K, 16% used [0x0000000080000000,0x0000000080ae6410,0x0000000084300000)
 Metaspace       used 20769K, committed 21504K, reserved 1114112K
  class space    used 2129K, committed 2432K, reserved 1048576K
}
Event: 4,013 GC heap after
{Heap after GC invocations=9 (full 1):
 PSYoungGen      total 29184K, used 0K [0x00000000d5580000, 0x00000000d7a00000, 0x0000000100000000)
  eden space 24064K, 0% used [0x00000000d5580000,0x00000000d5580000,0x00000000d6d00000)
  from space 5120K, 0% used [0x00000000d7400000,0x00000000d7400000,0x00000000d7900000)
  to   space 6656K, 0% used [0x00000000d6d00000,0x00000000d6d00000,0x00000000d7380000)
 ParOldGen       total 68608K, used 15203K [0x0000000080000000, 0x0000000084300000, 0x00000000d5580000)
  object space 68608K, 22% used [0x0000000080000000,0x0000000080ed8d58,0x0000000084300000)
 Metaspace       used 20756K, committed 21504K, reserved 1114112K
  class space    used 2125K, committed 2432K, reserved 1048576K
}
Event: 4,116 GC heap before
{Heap before GC invocations=10 (full 1):
 PSYoungGen      total 29184K, used 24047K [0x00000000d5580000, 0x00000000d7a00000, 0x0000000100000000)
  eden space 24064K, 99% used [0x00000000d5580000,0x00000000d6cfbc78,0x00000000d6d00000)
  from space 5120K, 0% used [0x00000000d7400000,0x00000000d7400000,0x00000000d7900000)
  to   space 6656K, 0% used [0x00000000d6d00000,0x00000000d6d00000,0x00000000d7380000)
 ParOldGen       total 68608K, used 15203K [0x0000000080000000, 0x0000000084300000, 0x00000000d5580000)
  object space 68608K, 22% used [0x0000000080000000,0x0000000080ed8d58,0x0000000084300000)
 Metaspace       used 24631K, committed 25408K, reserved 1114112K
  class space    used 2412K, committed 2752K, reserved 1048576K
}
Event: 4,117 GC heap after
{Heap after GC invocations=10 (full 1):
 PSYoungGen      total 24576K, used 629K [0x00000000d5580000, 0x00000000d7480000, 0x0000000100000000)
  eden space 23552K, 0% used [0x00000000d5580000,0x00000000d5580000,0x00000000d6c80000)
  from space 1024K, 61% used [0x00000000d6d00000,0x00000000d6d9d460,0x00000000d6e00000)
  to   space 3072K, 0% used [0x00000000d7180000,0x00000000d7180000,0x00000000d7480000)
 ParOldGen       total 68608K, used 15203K [0x0000000080000000, 0x0000000084300000, 0x00000000d5580000)
  object space 68608K, 22% used [0x0000000080000000,0x0000000080ed8d58,0x0000000084300000)
 Metaspace       used 24631K, committed 25408K, reserved 1114112K
  class space    used 2412K, committed 2752K, reserved 1048576K
}
Event: 4,198 GC heap before
{Heap before GC invocations=11 (full 1):
 PSYoungGen      total 24576K, used 24181K [0x00000000d5580000, 0x00000000d7480000, 0x0000000100000000)
  eden space 23552K, 100% used [0x00000000d5580000,0x00000000d6c80000,0x00000000d6c80000)
  from space 1024K, 61% used [0x00000000d6d00000,0x00000000d6d9d460,0x00000000d6e00000)
  to   space 3072K, 0% used [0x00000000d7180000,0x00000000d7180000,0x00000000d7480000)
 ParOldGen       total 68608K, used 15203K [0x0000000080000000, 0x0000000084300000, 0x00000000d5580000)
  object space 68608K, 22% used [0x0000000080000000,0x0000000080ed8d58,0x0000000084300000)
 Metaspace       used 25989K, committed 26880K, reserved 1114112K
  class space    used 2497K, committed 2880K, reserved 1048576K
}
Event: 4,200 GC heap after
{Heap after GC invocations=11 (full 1):
 PSYoungGen      total 26112K, used 2794K [0x00000000d5580000, 0x00000000d7480000, 0x0000000100000000)
  eden space 23040K, 0% used [0x00000000d5580000,0x00000000d5580000,0x00000000d6c00000)
  from space 3072K, 90% used [0x00000000d7180000,0x00000000d743aa50,0x00000000d7480000)
  to   space 3584K, 0% used [0x00000000d6d80000,0x00000000d6d80000,0x00000000d7100000)
 ParOldGen       total 68608K, used 15203K [0x0000000080000000, 0x0000000084300000, 0x00000000d5580000)
  object space 68608K, 22% used [0x0000000080000000,0x0000000080ed8d58,0x0000000084300000)
 Metaspace       used 25989K, committed 26880K, reserved 1114112K
  class space    used 2497K, committed 2880K, reserved 1048576K
}
Event: 4,368 GC heap before
{Heap before GC invocations=12 (full 1):
 PSYoungGen      total 26112K, used 25834K [0x00000000d5580000, 0x00000000d7480000, 0x0000000100000000)
  eden space 23040K, 100% used [0x00000000d5580000,0x00000000d6c00000,0x00000000d6c00000)
  from space 3072K, 90% used [0x00000000d7180000,0x00000000d743aa50,0x00000000d7480000)
  to   space 3584K, 0% used [0x00000000d6d80000,0x00000000d6d80000,0x00000000d7100000)
 ParOldGen       total 68608K, used 15203K [0x0000000080000000, 0x0000000084300000, 0x00000000d5580000)
  object space 68608K, 22% used [0x0000000080000000,0x0000000080ed8d58,0x0000000084300000)
 Metaspace       used 30037K, committed 31040K, reserved 1114112K
  class space    used 2927K, committed 3392K, reserved 1048576K
}
Event: 4,372 GC heap after
{Heap after GC invocations=12 (full 1):
 PSYoungGen      total 25088K, used 2254K [0x00000000d5580000, 0x00000000d7200000, 0x0000000100000000)
  eden space 22528K, 0% used [0x00000000d5580000,0x00000000d5580000,0x00000000d6b80000)
  from space 2560K, 88% used [0x00000000d6d80000,0x00000000d6fb3848,0x00000000d7000000)
  to   space 2048K, 0% used [0x00000000d7000000,0x00000000d7000000,0x00000000d7200000)
 ParOldGen       total 68608K, used 17869K [0x0000000080000000, 0x0000000084300000, 0x00000000d5580000)
  object space 68608K, 26% used [0x0000000080000000,0x0000000081173730,0x0000000084300000)
 Metaspace       used 30037K, committed 31040K, reserved 1114112K
  class space    used 2927K, committed 3392K, reserved 1048576K
}
Event: 4,433 GC heap before
{Heap before GC invocations=13 (full 1):
 PSYoungGen      total 25088K, used 24782K [0x00000000d5580000, 0x00000000d7200000, 0x0000000100000000)
  eden space 22528K, 100% used [0x00000000d5580000,0x00000000d6b80000,0x00000000d6b80000)
  from space 2560K, 88% used [0x00000000d6d80000,0x00000000d6fb3848,0x00000000d7000000)
  to   space 2048K, 0% used [0x00000000d7000000,0x00000000d7000000,0x00000000d7200000)
 ParOldGen       total 68608K, used 17869K [0x0000000080000000, 0x0000000084300000, 0x00000000d5580000)
  object space 68608K, 26% used [0x0000000080000000,0x0000000081173730,0x0000000084300000)
 Metaspace       used 32669K, committed 33600K, reserved 1114112K
  class space    used 3246K, committed 3648K, reserved 1048576K
}
Event: 4,438 GC heap after
{Heap after GC invocations=13 (full 1):
 PSYoungGen      total 22016K, used 2030K [0x00000000d5580000, 0x00000000d7900000, 0x0000000100000000)
  eden space 19968K, 0% used [0x00000000d5580000,0x00000000d5580000,0x00000000d6900000)
  from space 2048K, 99% used [0x00000000d7000000,0x00000000d71fb950,0x00000000d7200000)
  to   space 7168K, 0% used [0x00000000d6900000,0x00000000d6900000,0x00000000d7000000)
 ParOldGen       total 68608K, used 22267K [0x0000000080000000, 0x0000000084300000, 0x00000000d5580000)
  object space 68608K, 32% used [0x0000000080000000,0x00000000815bed78,0x0000000084300000)
 Metaspace       used 32669K, committed 33600K, reserved 1114112K
  class space    used 3246K, committed 3648K, reserved 1048576K
}
Event: 4,474 GC heap before
{Heap before GC invocations=14 (full 1):
 PSYoungGen      total 22016K, used 15802K [0x00000000d5580000, 0x00000000d7900000, 0x0000000100000000)
  eden space 19968K, 68% used [0x00000000d5580000,0x00000000d62f3048,0x00000000d6900000)
  from space 2048K, 99% used [0x00000000d7000000,0x00000000d71fb950,0x00000000d7200000)
  to   space 7168K, 0% used [0x00000000d6900000,0x00000000d6900000,0x00000000d7000000)
 ParOldGen       total 68608K, used 22267K [0x0000000080000000, 0x0000000084300000, 0x00000000d5580000)
  object space 68608K, 32% used [0x0000000080000000,0x00000000815bed78,0x0000000084300000)
 Metaspace       used 34895K, committed 35840K, reserved 1114112K
  class space    used 3512K, committed 3904K, reserved 1048576K
}
Event: 4,475 GC heap after
{Heap after GC invocations=14 (full 1):
 PSYoungGen      total 20992K, used 800K [0x00000000d5580000, 0x00000000d7100000, 0x0000000100000000)
  eden space 19968K, 0% used [0x00000000d5580000,0x00000000d5580000,0x00000000d6900000)
  from space 1024K, 78% used [0x00000000d6900000,0x00000000d69c8000,0x00000000d6a00000)
  to   space 3072K, 0% used [0x00000000d6e00000,0x00000000d6e00000,0x00000000d7100000)
 ParOldGen       total 68608K, used 23742K [0x0000000080000000, 0x0000000084300000, 0x00000000d5580000)
  object space 68608K, 34% used [0x0000000080000000,0x000000008172fbb8,0x0000000084300000)
 Metaspace       used 34895K, committed 35840K, reserved 1114112K
  class space    used 3512K, committed 3904K, reserved 1048576K
}
Event: 4,475 GC heap before
{Heap before GC invocations=15 (full 2):
 PSYoungGen      total 20992K, used 800K [0x00000000d5580000, 0x00000000d7100000, 0x0000000100000000)
  eden space 19968K, 0% used [0x00000000d5580000,0x00000000d5580000,0x00000000d6900000)
  from space 1024K, 78% used [0x00000000d6900000,0x00000000d69c8000,0x00000000d6a00000)
  to   space 3072K, 0% used [0x00000000d6e00000,0x00000000d6e00000,0x00000000d7100000)
 ParOldGen       total 68608K, used 23742K [0x0000000080000000, 0x0000000084300000, 0x00000000d5580000)
  object space 68608K, 34% used [0x0000000080000000,0x000000008172fbb8,0x0000000084300000)
 Metaspace       used 34895K, committed 35840K, reserved 1114112K
  class space    used 3512K, committed 3904K, reserved 1048576K
}
Event: 4,496 GC heap after
{Heap after GC invocations=15 (full 2):
 PSYoungGen      total 20992K, used 0K [0x00000000d5580000, 0x00000000d7100000, 0x0000000100000000)
  eden space 19968K, 0% used [0x00000000d5580000,0x00000000d5580000,0x00000000d6900000)
  from space 1024K, 0% used [0x00000000d6900000,0x00000000d6900000,0x00000000d6a00000)
  to   space 3072K, 0% used [0x00000000d6e00000,0x00000000d6e00000,0x00000000d7100000)
 ParOldGen       total 68608K, used 19187K [0x0000000080000000, 0x0000000084300000, 0x00000000d5580000)
  object space 68608K, 27% used [0x0000000080000000,0x00000000812bcee0,0x0000000084300000)
 Metaspace       used 34895K, committed 35840K, reserved 1114112K
  class space    used 3512K, committed 3904K, reserved 1048576K
}
Event: 4,567 GC heap before
{Heap before GC invocations=16 (full 2):
 PSYoungGen      total 20992K, used 19968K [0x00000000d5580000, 0x00000000d7100000, 0x0000000100000000)
  eden space 19968K, 100% used [0x00000000d5580000,0x00000000d6900000,0x00000000d6900000)
  from space 1024K, 0% used [0x00000000d6900000,0x00000000d6900000,0x00000000d6a00000)
  to   space 3072K, 0% used [0x00000000d6e00000,0x00000000d6e00000,0x00000000d7100000)
 ParOldGen       total 68608K, used 19187K [0x0000000080000000, 0x0000000084300000, 0x00000000d5580000)
  object space 68608K, 27% used [0x0000000080000000,0x00000000812bcee0,0x0000000084300000)
 Metaspace       used 37630K, committed 38656K, reserved 1114112K
  class space    used 3896K, committed 4288K, reserved 1048576K
}
Event: 4,568 GC heap after
{Heap after GC invocations=16 (full 2):
 PSYoungGen      total 21504K, used 1344K [0x00000000d5580000, 0x00000000d6f80000, 0x0000000100000000)
  eden space 19968K, 0% used [0x00000000d5580000,0x00000000d5580000,0x00000000d6900000)
  from space 1536K, 87% used [0x00000000d6e00000,0x00000000d6f50000,0x00000000d6f80000)
  to   space 1536K, 0% used [0x00000000d6c80000,0x00000000d6c80000,0x00000000d6e00000)
 ParOldGen       total 68608K, used 19195K [0x0000000080000000, 0x0000000084300000, 0x00000000d5580000)
  object space 68608K, 27% used [0x0000000080000000,0x00000000812beee0,0x0000000084300000)
 Metaspace       used 37630K, committed 38656K, reserved 1114112K
  class space    used 3896K, committed 4288K, reserved 1048576K
}

