# JRE version: OpenJDK Runtime Environment Temurin-21.0.10+7 (21.0.10+7) (build 21.0.10+7-LTS)
# Java VM: OpenJDK 64-Bit Server VM Temurin-21.0.10+7 (21.0.10+7-LTS, mixed mode, sharing, tiered, compressed oops, compressed class ptrs, parallel gc, linux-amd64)
GC Precious Log:
 CardTable entry size: 512
 CPUs: 16 total, 16 available
 Memory: 15386M
 Large Page Support: Disabled
 NUMA Support: Disabled
 Compressed Oops: Enabled (32-bit)
 Alignments: Space 512K, Generation 512K, Heap 2M
 Heap Min Capacity: 100M
 Heap Initial Capacity: 100M
 Heap Max Capacity: 2G
 Pre-touch: Disabled
 Parallel Workers: 13
Heap:
 PSYoungGen      total 23552K, used 1056K [0x00000000d5580000, 0x00000000d7200000, 0x0000000100000000)
  eden space 22016K, 0% used [0x00000000d5580000,0x00000000d5580000,0x00000000d6b00000)
  from space 1536K, 68% used [0x00000000d6b00000,0x00000000d6c08000,0x00000000d6c80000)
  to   space 3072K, 0% used [0x00000000d6f00000,0x00000000d6f00000,0x00000000d7200000)
 ParOldGen       total 68608K, used 21637K [0x0000000080000000, 0x0000000084300000, 0x00000000d5580000)
  object space 68608K, 31% used [0x0000000080000000,0x00000000815217e0,0x0000000084300000)
 Metaspace       used 34898K, committed 35840K, reserved 1114112K
  class space    used 3522K, committed 3968K, reserved 1048576K
GC Heap History (20 events):
Event: 2,938 GC heap after
{Heap after GC invocations=5 (full 0):
 PSYoungGen      total 29184K, used 4093K [0x00000000d5580000, 0x00000000d7a00000, 0x0000000100000000)
  eden space 25088K, 0% used [0x00000000d5580000,0x00000000d5580000,0x00000000d6e00000)
  from space 4096K, 99% used [0x00000000d6e80000,0x00000000d727f520,0x00000000d7280000)
  to   space 6144K, 0% used [0x00000000d7400000,0x00000000d7400000,0x00000000d7a00000)
 ParOldGen       total 68608K, used 8369K [0x0000000080000000, 0x0000000084300000, 0x00000000d5580000)
  object space 68608K, 12% used [0x0000000080000000,0x000000008082c768,0x0000000084300000)
 Metaspace       used 15593K, committed 16192K, reserved 1114112K
  class space    used 1594K, committed 1856K, reserved 1048576K
}
Event: 3,094 GC heap before
{Heap before GC invocations=6 (full 0):
 PSYoungGen      total 29184K, used 29181K [0x00000000d5580000, 0x00000000d7a00000, 0x0000000100000000)
  eden space 25088K, 100% used [0x00000000d5580000,0x00000000d6e00000,0x00000000d6e00000)
  from space 4096K, 99% used [0x00000000d6e80000,0x00000000d727f520,0x00000000d7280000)
  to   space 6144K, 0% used [0x00000000d7400000,0x00000000d7400000,0x00000000d7a00000)
 ParOldGen       total 68608K, used 8369K [0x0000000080000000, 0x0000000084300000, 0x00000000d5580000)
  object space 68608K, 12% used [0x0000000080000000,0x000000008082c768,0x0000000084300000)
 Metaspace       used 18223K, committed 18944K, reserved 1114112K
  class space    used 1884K, committed 2176K, reserved 1048576K
}
Event: 3,098 GC heap after
{Heap after GC invocations=6 (full 0):
 PSYoungGen      total 30208K, used 5290K [0x00000000d5580000, 0x00000000d7980000, 0x0000000100000000)
  eden space 24576K, 0% used [0x00000000d5580000,0x00000000d5580000,0x00000000d6d80000)
  from space 5632K, 93% used [0x00000000d7400000,0x00000000d792ab38,0x00000000d7980000)
  to   space 5632K, 0% used [0x00000000d6e80000,0x00000000d6e80000,0x00000000d7400000)
 ParOldGen       total 68608K, used 8377K [0x0000000080000000, 0x0000000084300000, 0x00000000d5580000)
  object space 68608K, 12% used [0x0000000080000000,0x000000008082e768,0x0000000084300000)
 Metaspace       used 18223K, committed 18944K, reserved 1114112K
  class space    used 1884K, committed 2176K, reserved 1048576K
}
Event: 3,212 GC heap before
{Heap before GC invocations=7 (full 0):
 PSYoungGen      total 30208K, used 29866K [0x00000000d5580000, 0x00000000d7980000, 0x0000000100000000)
  eden space 24576K, 100% used [0x00000000d5580000,0x00000000d6d80000,0x00000000d6d80000)
  from space 5632K, 93% used [0x00000000d7400000,0x00000000d792ab38,0x00000000d7980000)
  to   space 5632K, 0% used [0x00000000d6e80000,0x00000000d6e80000,0x00000000d7400000)
 ParOldGen       total 68608K, used 8377K [0x0000000080000000, 0x0000000084300000, 0x00000000d5580000)
  object space 68608K, 12% used [0x0000000080000000,0x000000008082e768,0x0000000084300000)
 Metaspace       used 20731K, committed 21440K, reserved 1114112K
  class space    used 2128K, committed 2432K, reserved 1048576K
}
Event: 3,215 GC heap after
{Heap after GC invocations=7 (full 0):
 PSYoungGen      total 29696K, used 5480K [0x00000000d5580000, 0x00000000d7800000, 0x0000000100000000)
  eden space 24064K, 0% used [0x00000000d5580000,0x00000000d5580000,0x00000000d6d00000)
  from space 5632K, 97% used [0x00000000d6e80000,0x00000000d73da0d0,0x00000000d7400000)
  to   space 4096K, 0% used [0x00000000d7400000,0x00000000d7400000,0x00000000d7800000)
 ParOldGen       total 68608K, used 9749K [0x0000000080000000, 0x0000000084300000, 0x00000000d5580000)
  object space 68608K, 14% used [0x0000000080000000,0x0000000080985780,0x0000000084300000)
 Metaspace       used 20731K, committed 21440K, reserved 1114112K
  class space    used 2128K, committed 2432K, reserved 1048576K
}
Event: 3,226 GC heap before
{Heap before GC invocations=8 (full 0):
 PSYoungGen      total 29696K, used 12157K [0x00000000d5580000, 0x00000000d7800000, 0x0000000100000000)
  eden space 24064K, 27% used [0x00000000d5580000,0x00000000d5c05358,0x00000000d6d00000)
  from space 5632K, 97% used [0x00000000d6e80000,0x00000000d73da0d0,0x00000000d7400000)
  to   space 4096K, 0% used [0x00000000d7400000,0x00000000d7400000,0x00000000d7800000)
 ParOldGen       total 68608K, used 9749K [0x0000000080000000, 0x0000000084300000, 0x00000000d5580000)
  object space 68608K, 14% used [0x0000000080000000,0x0000000080985780,0x0000000084300000)
 Metaspace       used 20751K, committed 21504K, reserved 1114112K
  class space    used 2128K, committed 2432K, reserved 1048576K
}
Event: 3,227 GC heap after
{Heap after GC invocations=8 (full 0):
 PSYoungGen      total 28160K, used 3911K [0x00000000d5580000, 0x00000000d7800000, 0x0000000100000000)
  eden space 24064K, 0% used [0x00000000d5580000,0x00000000d5580000,0x00000000d6d00000)
  from space 4096K, 95% used [0x00000000d7400000,0x00000000d77d1c58,0x00000000d7800000)
  to   space 4608K, 0% used [0x00000000d6f00000,0x00000000d6f00000,0x00000000d7380000)
 ParOldGen       total 68608K, used 10715K [0x0000000080000000, 0x0000000084300000, 0x00000000d5580000)
  object space 68608K, 15% used [0x0000000080000000,0x0000000080a76d48,0x0000000084300000)
 Metaspace       used 20751K, committed 21504K, reserved 1114112K
  class space    used 2128K, committed 2432K, reserved 1048576K
}
Event: 3,227 GC heap before
{Heap before GC invocations=9 (full 1):
 PSYoungGen      total 28160K, used 3911K [0x00000000d5580000, 0x00000000d7800000, 0x0000000100000000)
  eden space 24064K, 0% used [0x00000000d5580000,0x00000000d5580000,0x00000000d6d00000)
  from space 4096K, 95% used [0x00000000d7400000,0x00000000d77d1c58,0x00000000d7800000)
  to   space 4608K, 0% used [0x00000000d6f00000,0x00000000d6f00000,0x00000000d7380000)
 ParOldGen       total 68608K, used 10715K [0x0000000080000000, 0x0000000084300000, 0x00000000d5580000)
  object space 68608K, 15% used [0x0000000080000000,0x0000000080a76d48,0x0000000084300000)
 Metaspace       used 20751K, committed 21504K, reserved 1114112K
  class space    used 2128K, committed 2432K, reserved 1048576K
}
Event: 3,247 GC heap after
{Heap after GC invocations=9 (full 1):
 PSYoungGen      total 28160K, used 0K [0x00000000d5580000, 0x00000000d7800000, 0x0000000100000000)
  eden space 24064K, 0% used [0x00000000d5580000,0x00000000d5580000,0x00000000d6d00000)
  from space 4096K, 0% used [0x00000000d7400000,0x00000000d7400000,0x00000000d7800000)
  to   space 4608K, 0% used [0x00000000d6f00000,0x00000000d6f00000,0x00000000d7380000)
 ParOldGen       total 68608K, used 13858K [0x0000000080000000, 0x0000000084300000, 0x00000000d5580000)
  object space 68608K, 20% used [0x0000000080000000,0x0000000080d889d8,0x0000000084300000)
 Metaspace       used 20738K, committed 21504K, reserved 1114112K
  class space    used 2125K, committed 2432K, reserved 1048576K
}
Event: 3,336 GC heap before
{Heap before GC invocations=10 (full 1):
 PSYoungGen      total 28160K, used 24050K [0x00000000d5580000, 0x00000000d7800000, 0x0000000100000000)
  eden space 24064K, 99% used [0x00000000d5580000,0x00000000d6cfca60,0x00000000d6d00000)
  from space 4096K, 0% used [0x00000000d7400000,0x00000000d7400000,0x00000000d7800000)
  to   space 4608K, 0% used [0x00000000d6f00000,0x00000000d6f00000,0x00000000d7380000)
 ParOldGen       total 68608K, used 13858K [0x0000000080000000, 0x0000000084300000, 0x00000000d5580000)
  object space 68608K, 20% used [0x0000000080000000,0x0000000080d889d8,0x0000000084300000)
 Metaspace       used 24633K, committed 25344K, reserved 1114112K
  class space    used 2415K, committed 2688K, reserved 1048576K
}
Event: 3,337 GC heap after
{Heap after GC invocations=10 (full 1):
 PSYoungGen      total 24064K, used 406K [0x00000000d5580000, 0x00000000d7480000, 0x0000000100000000)
  eden space 23552K, 0% used [0x00000000d5580000,0x00000000d5580000,0x00000000d6c80000)
  from space 512K, 79% used [0x00000000d6f00000,0x00000000d6f65958,0x00000000d6f80000)
  to   space 2048K, 0% used [0x00000000d7280000,0x00000000d7280000,0x00000000d7480000)
 ParOldGen       total 68608K, used 13858K [0x0000000080000000, 0x0000000084300000, 0x00000000d5580000)
  object space 68608K, 20% used [0x0000000080000000,0x0000000080d889d8,0x0000000084300000)
 Metaspace       used 24633K, committed 25344K, reserved 1114112K
  class space    used 2415K, committed 2688K, reserved 1048576K
}
Event: 3,410 GC heap before
{Heap before GC invocations=11 (full 1):
 PSYoungGen      total 24064K, used 23958K [0x00000000d5580000, 0x00000000d7480000, 0x0000000100000000)
  eden space 23552K, 100% used [0x00000000d5580000,0x00000000d6c80000,0x00000000d6c80000)
  from space 512K, 79% used [0x00000000d6f00000,0x00000000d6f65958,0x00000000d6f80000)
  to   space 2048K, 0% used [0x00000000d7280000,0x00000000d7280000,0x00000000d7480000)
 ParOldGen       total 68608K, used 13858K [0x0000000080000000, 0x0000000084300000, 0x00000000d5580000)
  object space 68608K, 20% used [0x0000000080000000,0x0000000080d889d8,0x0000000084300000)
 Metaspace       used 25989K, committed 26816K, reserved 1114112K
  class space    used 2504K, committed 2880K, reserved 1048576K
}
Event: 3,412 GC heap after
{Heap after GC invocations=11 (full 1):
 PSYoungGen      total 25088K, used 1951K [0x00000000d5580000, 0x00000000d7480000, 0x0000000100000000)
  eden space 23040K, 0% used [0x00000000d5580000,0x00000000d5580000,0x00000000d6c00000)
  from space 2048K, 95% used [0x00000000d7280000,0x00000000d7467f58,0x00000000d7480000)
  to   space 2560K, 0% used [0x00000000d6f80000,0x00000000d6f80000,0x00000000d7200000)
 ParOldGen       total 68608K, used 14647K [0x0000000080000000, 0x0000000084300000, 0x00000000d5580000)
  object space 68608K, 21% used [0x0000000080000000,0x0000000080e4dee8,0x0000000084300000)
 Metaspace       used 25989K, committed 26816K, reserved 1114112K
  class space    used 2504K, committed 2880K, reserved 1048576K
}
Event: 3,533 GC heap before
{Heap before GC invocations=12 (full 1):
 PSYoungGen      total 25088K, used 24991K [0x00000000d5580000, 0x00000000d7480000, 0x0000000100000000)
  eden space 23040K, 100% used [0x00000000d5580000,0x00000000d6c00000,0x00000000d6c00000)
  from space 2048K, 95% used [0x00000000d7280000,0x00000000d7467f58,0x00000000d7480000)
  to   space 2560K, 0% used [0x00000000d6f80000,0x00000000d6f80000,0x00000000d7200000)
 ParOldGen       total 68608K, used 14647K [0x0000000080000000, 0x0000000084300000, 0x00000000d5580000)
  object space 68608K, 21% used [0x0000000080000000,0x0000000080e4dee8,0x0000000084300000)
 Metaspace       used 29917K, committed 30848K, reserved 1114112K
  class space    used 2925K, committed 3328K, reserved 1048576K
}
Event: 3,534 GC heap after
{Heap after GC invocations=12 (full 1):
 PSYoungGen      total 24576K, used 1837K [0x00000000d5580000, 0x00000000d7300000, 0x0000000100000000)
  eden space 22528K, 0% used [0x00000000d5580000,0x00000000d5580000,0x00000000d6b80000)
  from space 2048K, 89% used [0x00000000d6f80000,0x00000000d714b7d0,0x00000000d7180000)
  to   space 1536K, 0% used [0x00000000d7180000,0x00000000d7180000,0x00000000d7300000)
 ParOldGen       total 68608K, used 16494K [0x0000000080000000, 0x0000000084300000, 0x00000000d5580000)
  object space 68608K, 24% used [0x0000000080000000,0x000000008101b820,0x0000000084300000)
 Metaspace       used 29917K, committed 30848K, reserved 1114112K
  class space    used 2925K, committed 3328K, reserved 1048576K
}
Event: 3,590 GC heap before
{Heap before GC invocations=13 (full 1):
 PSYoungGen      total 24576K, used 24365K [0x00000000d5580000, 0x00000000d7300000, 0x0000000100000000)
  eden space 22528K, 100% used [0x00000000d5580000,0x00000000d6b80000,0x00000000d6b80000)
  from space 2048K, 89% used [0x00000000d6f80000,0x00000000d714b7d0,0x00000000d7180000)
  to   space 1536K, 0% used [0x00000000d7180000,0x00000000d7180000,0x00000000d7300000)
 ParOldGen       total 68608K, used 16494K [0x0000000080000000, 0x0000000084300000, 0x00000000d5580000)
  object space 68608K, 24% used [0x0000000080000000,0x000000008101b820,0x0000000084300000)
 Metaspace       used 32744K, committed 33728K, reserved 1114112K
  class space    used 3290K, committed 3712K, reserved 1048576K
}
Event: 3,592 GC heap after
{Heap after GC invocations=13 (full 1):
 PSYoungGen      total 23552K, used 1518K [0x00000000d5580000, 0x00000000d7800000, 0x0000000100000000)
  eden space 22016K, 0% used [0x00000000d5580000,0x00000000d5580000,0x00000000d6b00000)
  from space 1536K, 98% used [0x00000000d7180000,0x00000000d72fb988,0x00000000d7300000)
  to   space 6656K, 0% used [0x00000000d6b00000,0x00000000d6b00000,0x00000000d7180000)
 ParOldGen       total 68608K, used 20555K [0x0000000080000000, 0x0000000084300000, 0x00000000d5580000)
  object space 68608K, 29% used [0x0000000080000000,0x0000000081412ec0,0x0000000084300000)
 Metaspace       used 32744K, committed 33728K, reserved 1114112K
  class space    used 3290K, committed 3712K, reserved 1048576K
}
Event: 3,623 GC heap before
{Heap before GC invocations=14 (full 1):
 PSYoungGen      total 23552K, used 16084K [0x00000000d5580000, 0x00000000d7800000, 0x0000000100000000)
  eden space 22016K, 66% used [0x00000000d5580000,0x00000000d63b9688,0x00000000d6b00000)
  from space 1536K, 98% used [0x00000000d7180000,0x00000000d72fb988,0x00000000d7300000)
  to   space 6656K, 0% used [0x00000000d6b00000,0x00000000d6b00000,0x00000000d7180000)
 ParOldGen       total 68608K, used 20555K [0x0000000080000000, 0x0000000084300000, 0x00000000d5580000)
  object space 68608K, 29% used [0x0000000080000000,0x0000000081412ec0,0x0000000084300000)
 Metaspace       used 34898K, committed 35840K, reserved 1114112K
  class space    used 3522K, committed 3968K, reserved 1048576K
}
Event: 3,625 GC heap after
{Heap after GC invocations=14 (full 1):
 PSYoungGen      total 23552K, used 1056K [0x00000000d5580000, 0x00000000d7200000, 0x0000000100000000)
  eden space 22016K, 0% used [0x00000000d5580000,0x00000000d5580000,0x00000000d6b00000)
  from space 1536K, 68% used [0x00000000d6b00000,0x00000000d6c08000,0x00000000d6c80000)
  to   space 3072K, 0% used [0x00000000d6f00000,0x00000000d6f00000,0x00000000d7200000)
 ParOldGen       total 68608K, used 21637K [0x0000000080000000, 0x0000000084300000, 0x00000000d5580000)
  object space 68608K, 31% used [0x0000000080000000,0x00000000815217e0,0x0000000084300000)
 Metaspace       used 34898K, committed 35840K, reserved 1114112K
  class space    used 3522K, committed 3968K, reserved 1048576K
}
Event: 3,625 GC heap before
{Heap before GC invocations=15 (full 2):
 PSYoungGen      total 23552K, used 1056K [0x00000000d5580000, 0x00000000d7200000, 0x0000000100000000)
  eden space 22016K, 0% used [0x00000000d5580000,0x00000000d5580000,0x00000000d6b00000)
  from space 1536K, 68% used [0x00000000d6b00000,0x00000000d6c08000,0x00000000d6c80000)
  to   space 3072K, 0% used [0x00000000d6f00000,0x00000000d6f00000,0x00000000d7200000)
 ParOldGen       total 68608K, used 21637K [0x0000000080000000, 0x0000000084300000, 0x00000000d5580000)
  object space 68608K, 31% used [0x0000000080000000,0x00000000815217e0,0x0000000084300000)
 Metaspace       used 34898K, committed 35840K, reserved 1114112K
  class space    used 3522K, committed 3968K, reserved 1048576K
}

